1 class
1 Program
1 {
2 void
2 IDENTIFIER main
2 (
2 )
2 {
3 int
3 IDENTIFIER b
3 ;
4 IDENTIFIER b
4 =
4 INTLITERAL 2
4 +
4 INTLITERAL 7
4 ;
5 return
5 INTLITERAL 0
5 ;
6 if
6 (
6 IDENTIFIER a
6 ==
6 IDENTIFIER b
6 )
6 {
7 IDENTIFIER c
7 =
7 IDENTIFIER c
7 +
7 IDENTIFIER a
7 ;
8 }
9 else
9 {
10 IDENTIFIER c
10 =
10 IDENTIFIER c
10 -
10 IDENTIFIER a
10 ;
11 }
12 for
12 IDENTIFIER i
12 =
12 INTLITERAL 2
12 ,
12 IDENTIFIER i
12 <=
12 INTLITERAL 10
12 {
13 IDENTIFIER c
13 =
13 IDENTIFIER c
13 +
13 IDENTIFIER d
13 ;
14 break
14 ;
15 continue
15 ;
16 }
17 IDENTIFIER test
17 (
17 IDENTIFIER a
17 ,
17 IDENTIFIER b
17 ,
17 IDENTIFIER c
17 )
17 ;
18 callout
19 }
20 }
